2026-06-13T20:39:49Z  TEST_EVENT                integration test
2026-06-13T22:40:05Z INFO     __main__ — === Mission Espace démarré — joueur: romy ===
2026-06-13T22:40:05Z ERROR    engine.state — Failed to save state: [Errno 13] Permission denied: '/home/romy'
2026-06-13T22:40:05Z INFO     __main__ — State reset for player romy
2026-06-13T22:40:05Z WARNING  checks.desktop_checks — xfconf-query not found — cannot detect wallpaper.
2026-06-13T22:40:05Z ERROR    engine.state — Failed to save state: [Errno 13] Permission denied: '/home/romy'
2026-06-13T22:40:05Z INFO     __main__ — Initial wallpaper recorded: 
2026-06-13T20:40:05Z  GAME_START                version=1.0.0
2026-06-13T22:40:05Z INFO     __main__ — Starting GUI — current_mission=mission_01 score=0
2026-06-13T22:40:07Z ERROR    engine.state — Failed to save state: [Errno 13] Permission denied: '/home/romy'
2026-06-13T22:40:09Z ERROR    engine.state — Failed to save state: [Errno 13] Permission denied: '/home/romy'
2026-06-13T22:40:11Z ERROR    engine.state — Failed to save state: [Errno 13] Permission denied: '/home/romy'
2026-06-13T22:40:13Z ERROR    engine.state — Failed to save state: [Errno 13] Permission denied: '/home/romy'
2026-06-13T22:40:15Z ERROR    engine.state — Failed to save state: [Errno 13] Permission denied: '/home/romy'
2026-06-13T22:40:17Z ERROR    engine.state — Failed to save state: [Errno 13] Permission denied: '/home/romy'
2026-06-13T22:40:19Z ERROR    engine.state — Failed to save state: [Errno 13] Permission denied: '/home/romy'
2026-06-13T22:40:21Z ERROR    engine.state — Failed to save state: [Errno 13] Permission denied: '/home/romy'
2026-06-13T22:40:23Z ERROR    engine.state — Failed to save state: [Errno 13] Permission denied: '/home/romy'
2026-06-13T22:40:25Z ERROR    engine.state — Failed to save state: [Errno 13] Permission denied: '/home/romy'
2026-06-13T22:40:27Z ERROR    engine.state — Failed to save state: [Errno 13] Permission denied: '/home/romy'
2026-06-13T22:40:29Z ERROR    engine.state — Failed to save state: [Errno 13] Permission denied: '/home/romy'
2026-06-13T22:40:31Z ERROR    engine.state — Failed to save state: [Errno 13] Permission denied: '/home/romy'
2026-06-13T22:40:33Z ERROR    engine.state — Failed to save state: [Errno 13] Permission denied: '/home/romy'
2026-06-13T22:40:35Z ERROR    engine.state — Failed to save state: [Errno 13] Permission denied: '/home/romy'
2026-06-13T22:40:37Z ERROR    engine.state — Failed to save state: [Errno 13] Permission denied: '/home/romy'
2026-06-13T22:40:39Z ERROR    engine.state — Failed to save state: [Errno 13] Permission denied: '/home/romy'
2026-06-13T22:40:41Z ERROR    engine.state — Failed to save state: [Errno 13] Permission denied: '/home/romy'
2026-06-13T22:40:43Z ERROR    engine.state — Failed to save state: [Errno 13] Permission denied: '/home/romy'
2026-06-13T22:40:45Z ERROR    engine.state — Failed to save state: [Errno 13] Permission denied: '/home/romy'
2026-06-13T22:40:47Z ERROR    engine.state — Failed to save state: [Errno 13] Permission denied: '/home/romy'
2026-06-13T22:40:49Z ERROR    engine.state — Failed to save state: [Errno 13] Permission denied: '/home/romy'
2026-06-13T22:40:51Z ERROR    engine.state — Failed to save state: [Errno 13] Permission denied: '/home/romy'
2026-06-13T22:40:53Z ERROR    engine.state — Failed to save state: [Errno 13] Permission denied: '/home/romy'
2026-06-13T22:40:55Z ERROR    engine.state — Failed to save state: [Errno 13] Permission denied: '/home/romy'
2026-06-13T22:40:57Z ERROR    engine.state — Failed to save state: [Errno 13] Permission denied: '/home/romy'
2026-06-13T22:40:59Z ERROR    engine.state — Failed to save state: [Errno 13] Permission denied: '/home/romy'
2026-06-13T22:41:01Z ERROR    engine.state — Failed to save state: [Errno 13] Permission denied: '/home/romy'
2026-06-13T22:41:03Z ERROR    engine.state — Failed to save state: [Errno 13] Permission denied: '/home/romy'
2026-06-13T22:41:05Z ERROR    engine.state — Failed to save state: [Errno 13] Permission denied: '/home/romy'
2026-06-13T22:41:07Z ERROR    engine.state — Failed to save state: [Errno 13] Permission denied: '/home/romy'
2026-06-13T22:41:09Z ERROR    engine.state — Failed to save state: [Errno 13] Permission denied: '/home/romy'
2026-06-13T22:41:11Z ERROR    engine.state — Failed to save state: [Errno 13] Permission denied: '/home/romy'
2026-06-13T22:41:13Z ERROR    engine.state — Failed to save state: [Errno 13] Permission denied: '/home/romy'
2026-06-13T22:41:15Z ERROR    engine.state — Failed to save state: [Errno 13] Permission denied: '/home/romy'
2026-06-13T22:41:17Z ERROR    engine.state — Failed to save state: [Errno 13] Permission denied: '/home/romy'
2026-06-13T22:41:19Z ERROR    engine.state — Failed to save state: [Errno 13] Permission denied: '/home/romy'
2026-06-13T22:41:21Z ERROR    engine.state — Failed to save state: [Errno 13] Permission denied: '/home/romy'
2026-06-13T22:41:23Z ERROR    engine.state — Failed to save state: [Errno 13] Permission denied: '/home/romy'
2026-06-13T22:41:25Z ERROR    engine.state — Failed to save state: [Errno 13] Permission denied: '/home/romy'
2026-06-13T22:41:27Z ERROR    engine.state — Failed to save state: [Errno 13] Permission denied: '/home/romy'
2026-06-13T22:41:29Z ERROR    engine.state — Failed to save state: [Errno 13] Permission denied: '/home/romy'
2026-06-13T22:41:31Z ERROR    engine.state — Failed to save state: [Errno 13] Permission denied: '/home/romy'
2026-06-13T22:41:33Z ERROR    engine.state — Failed to save state: [Errno 13] Permission denied: '/home/romy'
2026-06-13T22:41:35Z ERROR    engine.state — Failed to save state: [Errno 13] Permission denied: '/home/romy'
2026-06-13T22:41:37Z ERROR    engine.state — Failed to save state: [Errno 13] Permission denied: '/home/romy'
2026-06-13T22:41:39Z ERROR    engine.state — Failed to save state: [Errno 13] Permission denied: '/home/romy'
2026-06-13T22:41:41Z ERROR    engine.state — Failed to save state: [Errno 13] Permission denied: '/home/romy'
2026-06-13T22:41:43Z ERROR    engine.state — Failed to save state: [Errno 13] Permission denied: '/home/romy'
2026-06-13T22:41:45Z ERROR    engine.state — Failed to save state: [Errno 13] Permission denied: '/home/romy'
2026-06-13T22:41:47Z ERROR    engine.state — Failed to save state: [Errno 13] Permission denied: '/home/romy'
2026-06-13T22:41:49Z ERROR    engine.state — Failed to save state: [Errno 13] Permission denied: '/home/romy'
2026-06-13T22:41:51Z ERROR    engine.state — Failed to save state: [Errno 13] Permission denied: '/home/romy'
2026-06-13T22:41:53Z ERROR    engine.state — Failed to save state: [Errno 13] Permission denied: '/home/romy'
2026-06-13T22:41:55Z ERROR    engine.state — Failed to save state: [Errno 13] Permission denied: '/home/romy'
2026-06-13T22:41:57Z ERROR    engine.state — Failed to save state: [Errno 13] Permission denied: '/home/romy'
2026-06-13T22:41:59Z ERROR    engine.state — Failed to save state: [Errno 13] Permission denied: '/home/romy'
2026-06-13T22:42:01Z ERROR    engine.state — Failed to save state: [Errno 13] Permission denied: '/home/romy'
2026-06-13T22:42:03Z ERROR    engine.state — Failed to save state: [Errno 13] Permission denied: '/home/romy'
2026-06-13T22:42:05Z ERROR    engine.state — Failed to save state: [Errno 13] Permission denied: '/home/romy'
2026-06-13T22:42:07Z ERROR    engine.state — Failed to save state: [Errno 13] Permission denied: '/home/romy'
2026-06-13T22:42:09Z ERROR    engine.state — Failed to save state: [Errno 13] Permission denied: '/home/romy'
2026-06-13T22:42:11Z ERROR    engine.state — Failed to save state: [Errno 13] Permission denied: '/home/romy'
2026-06-13T22:42:13Z ERROR    engine.state — Failed to save state: [Errno 13] Permission denied: '/home/romy'
2026-06-13T22:42:13Z INFO     __main__ — === Mission Espace démarré — joueur: romy ===
2026-06-13T22:42:13Z ERROR    engine.state — Failed to save state: [Errno 13] Permission denied: '/home/romy'
2026-06-13T22:42:13Z INFO     __main__ — State reset for player romy
2026-06-13T22:42:13Z WARNING  checks.desktop_checks — xfconf-query not found — cannot detect wallpaper.
2026-06-13T22:42:13Z ERROR    engine.state — Failed to save state: [Errno 13] Permission denied: '/home/romy'
2026-06-13T22:42:13Z INFO     __main__ — Initial wallpaper recorded: 
2026-06-13T20:42:13Z  GAME_START                version=1.0.0
2026-06-13T22:42:13Z INFO     __main__ — Starting GUI — current_mission=mission_01 score=0
2026-06-13T22:42:15Z ERROR    engine.state — Failed to save state: [Errno 13] Permission denied: '/home/romy'
2026-06-13T22:42:15Z ERROR    engine.state — Failed to save state: [Errno 13] Permission denied: '/home/romy'
2026-06-13T22:42:17Z ERROR    engine.state — Failed to save state: [Errno 13] Permission denied: '/home/romy'
2026-06-13T22:42:17Z ERROR    engine.state — Failed to save state: [Errno 13] Permission denied: '/home/romy'
2026-06-13T22:42:19Z ERROR    engine.state — Failed to save state: [Errno 13] Permission denied: '/home/romy'
2026-06-13T22:42:19Z ERROR    engine.state — Failed to save state: [Errno 13] Permission denied: '/home/romy'
2026-06-13T22:42:21Z ERROR    engine.state — Failed to save state: [Errno 13] Permission denied: '/home/romy'
2026-06-13T22:42:21Z ERROR    engine.state — Failed to save state: [Errno 13] Permission denied: '/home/romy'
2026-06-13T22:42:23Z ERROR    engine.state — Failed to save state: [Errno 13] Permission denied: '/home/romy'
2026-06-13T22:42:23Z ERROR    engine.state — Failed to save state: [Errno 13] Permission denied: '/home/romy'
2026-06-13T22:42:25Z ERROR    engine.state — Failed to save state: [Errno 13] Permission denied: '/home/romy'
2026-06-13T22:42:25Z ERROR    engine.state — Failed to save state: [Errno 13] Permission denied: '/home/romy'
2026-06-13T22:42:27Z ERROR    engine.state — Failed to save state: [Errno 13] Permission denied: '/home/romy'
2026-06-13T22:42:27Z ERROR    engine.state — Failed to save state: [Errno 13] Permission denied: '/home/romy'
2026-06-13T22:42:29Z ERROR    engine.state — Failed to save state: [Errno 13] Permission denied: '/home/romy'
2026-06-13T22:42:29Z ERROR    engine.state — Failed to save state: [Errno 13] Permission denied: '/home/romy'
2026-06-13T22:42:31Z ERROR    engine.state — Failed to save state: [Errno 13] Permission denied: '/home/romy'
2026-06-13T22:42:31Z ERROR    engine.state — Failed to save state: [Errno 13] Permission denied: '/home/romy'
2026-06-13T22:42:33Z ERROR    engine.state — Failed to save state: [Errno 13] Permission denied: '/home/romy'
2026-06-13T22:42:33Z ERROR    engine.state — Failed to save state: [Errno 13] Permission denied: '/home/romy'
2026-06-13T22:42:35Z ERROR    engine.state — Failed to save state: [Errno 13] Permission denied: '/home/romy'
2026-06-13T22:42:35Z ERROR    engine.state — Failed to save state: [Errno 13] Permission denied: '/home/romy'
2026-06-13T22:42:37Z ERROR    engine.state — Failed to save state: [Errno 13] Permission denied: '/home/romy'
2026-06-13T22:42:37Z ERROR    engine.state — Failed to save state: [Errno 13] Permission denied: '/home/romy'
2026-06-13T22:42:39Z ERROR    engine.state — Failed to save state: [Errno 13] Permission denied: '/home/romy'
2026-06-13T22:42:39Z ERROR    engine.state — Failed to save state: [Errno 13] Permission denied: '/home/romy'
2026-06-13T22:42:41Z ERROR    engine.state — Failed to save state: [Errno 13] Permission denied: '/home/romy'
2026-06-13T22:42:41Z ERROR    engine.state — Failed to save state: [Errno 13] Permission denied: '/home/romy'
2026-06-13T22:42:43Z ERROR    engine.state — Failed to save state: [Errno 13] Permission denied: '/home/romy'
2026-06-13T22:42:43Z ERROR    engine.state — Failed to save state: [Errno 13] Permission denied: '/home/romy'
2026-06-13T22:42:45Z ERROR    engine.state — Failed to save state: [Errno 13] Permission denied: '/home/romy'
2026-06-13T22:42:45Z ERROR    engine.state — Failed to save state: [Errno 13] Permission denied: '/home/romy'
2026-06-13T22:42:47Z ERROR    engine.state — Failed to save state: [Errno 13] Permission denied: '/home/romy'
2026-06-13T22:42:47Z ERROR    engine.state — Failed to save state: [Errno 13] Permission denied: '/home/romy'
2026-06-13T22:42:49Z ERROR    engine.state — Failed to save state: [Errno 13] Permission denied: '/home/romy'
2026-06-13T22:42:49Z ERROR    engine.state — Failed to save state: [Errno 13] Permission denied: '/home/romy'
2026-06-13T22:42:51Z ERROR    engine.state — Failed to save state: [Errno 13] Permission denied: '/home/romy'
2026-06-13T22:42:51Z ERROR    engine.state — Failed to save state: [Errno 13] Permission denied: '/home/romy'
2026-06-13T22:42:53Z ERROR    engine.state — Failed to save state: [Errno 13] Permission denied: '/home/romy'
2026-06-13T22:42:53Z ERROR    engine.state — Failed to save state: [Errno 13] Permission denied: '/home/romy'
2026-06-13T22:42:55Z ERROR    engine.state — Failed to save state: [Errno 13] Permission denied: '/home/romy'
2026-06-13T22:42:55Z ERROR    engine.state — Failed to save state: [Errno 13] Permission denied: '/home/romy'
2026-06-13T22:42:57Z ERROR    engine.state — Failed to save state: [Errno 13] Permission denied: '/home/romy'
2026-06-13T22:42:57Z ERROR    engine.state — Failed to save state: [Errno 13] Permission denied: '/home/romy'
2026-06-13T22:42:59Z ERROR    engine.state — Failed to save state: [Errno 13] Permission denied: '/home/romy'
2026-06-13T22:42:59Z ERROR    engine.state — Failed to save state: [Errno 13] Permission denied: '/home/romy'
2026-06-13T22:43:01Z ERROR    engine.state — Failed to save state: [Errno 13] Permission denied: '/home/romy'
2026-06-13T22:43:01Z ERROR    engine.state — Failed to save state: [Errno 13] Permission denied: '/home/romy'
2026-06-13T22:43:03Z ERROR    engine.state — Failed to save state: [Errno 13] Permission denied: '/home/romy'
2026-06-13T22:43:03Z ERROR    engine.state — Failed to save state: [Errno 13] Permission denied: '/home/romy'
2026-06-13T22:43:05Z ERROR    engine.state — Failed to save state: [Errno 13] Permission denied: '/home/romy'
2026-06-13T22:43:05Z ERROR    engine.state — Failed to save state: [Errno 13] Permission denied: '/home/romy'
2026-06-13T22:43:07Z ERROR    engine.state — Failed to save state: [Errno 13] Permission denied: '/home/romy'
2026-06-13T22:43:07Z ERROR    engine.state — Failed to save state: [Errno 13] Permission denied: '/home/romy'
2026-06-13T22:43:09Z ERROR    engine.state — Failed to save state: [Errno 13] Permission denied: '/home/romy'
2026-06-13T22:43:09Z ERROR    engine.state — Failed to save state: [Errno 13] Permission denied: '/home/romy'
2026-06-13T22:43:11Z ERROR    engine.state — Failed to save state: [Errno 13] Permission denied: '/home/romy'
2026-06-13T22:43:11Z ERROR    engine.state — Failed to save state: [Errno 13] Permission denied: '/home/romy'
2026-06-13T22:43:13Z ERROR    engine.state — Failed to save state: [Errno 13] Permission denied: '/home/romy'
2026-06-13T22:43:13Z ERROR    engine.state — Failed to save state: [Errno 13] Permission denied: '/home/romy'
2026-06-13T22:43:15Z ERROR    engine.state — Failed to save state: [Errno 13] Permission denied: '/home/romy'
2026-06-13T22:43:15Z ERROR    engine.state — Failed to save state: [Errno 13] Permission denied: '/home/romy'
2026-06-13T22:43:17Z ERROR    engine.state — Failed to save state: [Errno 13] Permission denied: '/home/romy'
2026-06-13T22:43:17Z ERROR    engine.state — Failed to save state: [Errno 13] Permission denied: '/home/romy'
2026-06-13T22:47:47Z INFO     __main__ — === Mission Espace démarré — joueur: romy ===
2026-06-13T22:49:12Z INFO     __main__ — === Mission Espace démarré — joueur: romy ===
